Arguments: 
  /usr/bin/node /usr/bin/yarn

PATH: 
  /home/smeet/.cargo/bin:/home/smeet/.local/bin:/home/smeet/bin:/usr/local/sbin:/usr/local/bin:/usr/sbin:/usr/bin:/sbin:/bin:/usr/games:/usr/local/games:/snap/bin:/snap/bin

Yarn version: 
  1.22.19

Node version: 
  16.19.1

Platform: 
  linux x64

Trace: 
  Error: getaddrinfo EAI_AGAIN registry.yarnpkg.com
      at GetAddrInfoReqWrap.onlookup [as oncomplete] (node:dns:109:26)

npm manifest: 
  {
    "name": "distance-poc",
    "version": "1.0.0",
    "description": "",
    "main": "index.js",
    "scripts": {
      "test": "echo \"Error: no test specified\" && exit 1",
      "start":"node index.js"
  
    },
    "keywords": [],
    "author": "",
    "license": "ISC",
    "dependencies": {
      
      "cors": "^2.8.5",
      "express": "^4.18.2",
      "nodemon": "^3.0.1"
    }
  }

yarn manifest: 
  No manifest

Lockfile: 
  No lockfile
